<?xml version="1.0" encoding="UTF-8"?>
<!-- Generated by org.testng.reporters.JUnitReportReporter -->
<testsuite hostname="LAPTOP-5Q610K75" failures="0" tests="1" name="com.saucedemo.ShoppingCartTest" time="0.846" errors="0" timestamp="2023-05-07T18:56:12 CEST" skipped="0">
  <testcase classname="com.saucedemo.ShoppingCartTest" name="numbersOfItem" time="0.846"/>
  <system-out/>
</testsuite> <!-- com.saucedemo.ShoppingCartTest -->
