<?xml version="1.0" encoding="UTF-8"?>
<!-- Generated by org.testng.reporters.JUnitReportReporter -->
<testsuite hostname="LAPTOP-5Q610K75" failures="0" tests="1" name="com.saucedemo.OrderCompleteTest" time="2.988" errors="0" timestamp="2023-05-07T18:56:30 CEST" skipped="0">
  <testcase classname="com.saucedemo.OrderCompleteTest" name="endToEndTest" time="2.988"/>
  <system-out/>
</testsuite> <!-- com.saucedemo.OrderCompleteTest -->
